0 info it worked if it ends with ok
1 verbose cli [ '/Users/Brian/anaconda3/bin/node',
1 verbose cli   '/Users/Brian/anaconda3/bin/npm',
1 verbose cli   'run',
1 verbose cli   'lite' ]
2 info using npm@3.10.10
3 info using node@v6.13.1
4 verbose run-script [ 'prelite', 'lite', 'postlite' ]
5 info lifecycle nucampsite@1.0.0~prelite: nucampsite@1.0.0
6 silly lifecycle nucampsite@1.0.0~prelite: no script for prelite, continuing
7 info lifecycle nucampsite@1.0.0~lite: nucampsite@1.0.0
8 verbose lifecycle nucampsite@1.0.0~lite: unsafe-perm in lifecycle true
9 verbose lifecycle nucampsite@1.0.0~lite: PATH: /Users/Brian/anaconda3/lib/node_modules/npm/bin/node-gyp-bin:/Users/Brian/Dropbox/Programming/Courses/Web Dev/NuCamp-Full-Stack-Web-Bootcamp/2-Bootstrap/nucampsite/node_modules/.bin:/Users/Brian/anaconda3/bin:/Users/Brian/anaconda3/condabin:/usr/local/bin:/usr/bin:/bin:/usr/sbin:/sbin:/usr/local/share/dotnet:~/.dotnet/tools:/Library/Apple/usr/bin:/Library/Frameworks/Mono.framework/Versions/Current/Commands
10 verbose lifecycle nucampsite@1.0.0~lite: CWD: /Users/Brian/Dropbox/Programming/Courses/Web Dev/NuCamp-Full-Stack-Web-Bootcamp/2-Bootstrap/nucampsite
11 silly lifecycle nucampsite@1.0.0~lite: Args: [ '-c', 'lite-server' ]
12 silly lifecycle nucampsite@1.0.0~lite: Returned: code: 1  signal: null
13 info lifecycle nucampsite@1.0.0~lite: Failed to exec lite script
14 verbose stack Error: nucampsite@1.0.0 lite: `lite-server`
14 verbose stack Exit status 1
14 verbose stack     at EventEmitter.<anonymous> (/Users/Brian/anaconda3/lib/node_modules/npm/lib/utils/lifecycle.js:255:16)
14 verbose stack     at emitTwo (events.js:106:13)
14 verbose stack     at EventEmitter.emit (events.js:191:7)
14 verbose stack     at ChildProcess.<anonymous> (/Users/Brian/anaconda3/lib/node_modules/npm/lib/utils/spawn.js:40:14)
14 verbose stack     at emitTwo (events.js:106:13)
14 verbose stack     at ChildProcess.emit (events.js:191:7)
14 verbose stack     at maybeClose (internal/child_process.js:920:16)
14 verbose stack     at Process.ChildProcess._handle.onexit (internal/child_process.js:230:5)
15 verbose pkgid nucampsite@1.0.0
16 verbose cwd /Users/Brian/Dropbox/Programming/Courses/Web Dev/NuCamp-Full-Stack-Web-Bootcamp/2-Bootstrap/nucampsite
17 error Darwin 19.6.0
18 error argv "/Users/Brian/anaconda3/bin/node" "/Users/Brian/anaconda3/bin/npm" "run" "lite"
19 error node v6.13.1
20 error npm  v3.10.10
21 error code ELIFECYCLE
22 error nucampsite@1.0.0 lite: `lite-server`
22 error Exit status 1
23 error Failed at the nucampsite@1.0.0 lite script 'lite-server'.
23 error Make sure you have the latest version of node.js and npm installed.
23 error If you do, this is most likely a problem with the nucampsite package,
23 error not with npm itself.
23 error Tell the author that this fails on your system:
23 error     lite-server
23 error You can get information on how to open an issue for this project with:
23 error     npm bugs nucampsite
23 error Or if that isn't available, you can get their info via:
23 error     npm owner ls nucampsite
23 error There is likely additional logging output above.
24 verbose exit [ 1, true ]
